# JRE version: Java(TM) SE Runtime Environment (8.0_291-b10) (build 1.8.0_291-b10)
# Java VM: Java HotSpot(TM) 64-Bit Server VM (25.291-b10 mixed mode windows-amd64 compressed oops)
Heap:
 PSYoungGen      total 75264K, used 64401K [0x000000076c180000, 0x0000000771580000, 0x00000007c0000000)
  eden space 64512K, 99% used [0x000000076c180000,0x00000007700645e0,0x0000000770080000)
  from space 10752K, 0% used [0x0000000770080000,0x0000000770080000,0x0000000770b00000)
  to   space 10752K, 0% used [0x0000000770b00000,0x0000000770b00000,0x0000000771580000)
 ParOldGen       total 1033728K, used 989309K [0x00000006c4400000, 0x0000000703580000, 0x000000076c180000)
  object space 1033728K, 95% used [0x00000006c4400000,0x0000000700a1f510,0x0000000703580000)
 Metaspace       used 11778K, capacity 11966K, committed 12288K, reserved 1060864K
  class space    used 1388K, capacity 1479K, committed 1536K, reserved 1048576K
GC Heap History (4 events):
Event: 0.636 GC heap before
{Heap before GC invocations=1 (full 0):
 PSYoungGen      total 75264K, used 56414K [0x000000076c180000, 0x0000000771580000, 0x00000007c0000000)
  eden space 64512K, 87% used [0x000000076c180000,0x000000076f897850,0x0000000770080000)
  from space 10752K, 0% used [0x0000000770b00000,0x0000000770b00000,0x0000000771580000)
  to   space 10752K, 0% used [0x0000000770080000,0x0000000770080000,0x0000000770b00000)
 ParOldGen       total 172032K, used 0K [0x00000006c4400000, 0x00000006cec00000, 0x000000076c180000)
  object space 172032K, 0% used [0x00000006c4400000,0x00000006c4400000,0x00000006cec00000)
 Metaspace       used 10932K, capacity 11036K, committed 11136K, reserved 1058816K
  class space    used 1282K, capacity 1338K, committed 1408K, reserved 1048576K
Event: 0.641 GC heap after
Heap after GC invocations=1 (full 0):
 PSYoungGen      total 75264K, used 10722K [0x000000076c180000, 0x0000000771580000, 0x00000007c0000000)
  eden space 64512K, 0% used [0x000000076c180000,0x000000076c180000,0x0000000770080000)
  from space 10752K, 99% used [0x0000000770080000,0x0000000770af8b08,0x0000000770b00000)
  to   space 10752K, 0% used [0x0000000770b00000,0x0000000770b00000,0x0000000771580000)
 ParOldGen       total 172032K, used 1520K [0x00000006c4400000, 0x00000006cec00000, 0x000000076c180000)
  object space 172032K, 0% used [0x00000006c4400000,0x00000006c457c170,0x00000006cec00000)
 Metaspace       used 10932K, capacity 11036K, committed 11136K, reserved 1058816K
  class space    used 1282K, capacity 1338K, committed 1408K, reserved 1048576K
}
Event: 1.088 GC heap before
{Heap before GC invocations=2 (full 1):
 PSYoungGen      total 75264K, used 73713K [0x000000076c180000, 0x0000000771580000, 0x00000007c0000000)
  eden space 64512K, 97% used [0x000000076c180000,0x000000076ff03c40,0x0000000770080000)
  from space 10752K, 99% used [0x0000000770080000,0x0000000770af8b08,0x0000000770b00000)
  to   space 10752K, 0% used [0x0000000770b00000,0x0000000770b00000,0x0000000771580000)
 ParOldGen       total 172032K, used 170731K [0x00000006c4400000, 0x00000006cec00000, 0x000000076c180000)
  object space 172032K, 99% used [0x00000006c4400000,0x00000006ceabae88,0x00000006cec00000)
 Metaspace       used 11767K, capacity 11966K, committed 12288K, reserved 1060864K
  class space    used 1387K, capacity 1479K, committed 1536K, reserved 1048576K
Event: 1.105 GC heap after
Heap after GC invocations=2 (full 1):
 PSYoungGen      total 75264K, used 0K [0x000000076c180000, 0x0000000771580000, 0x00000007c0000000)
  eden space 64512K, 0% used [0x000000076c180000,0x000000076c180000,0x0000000770080000)
  from space 10752K, 0% used [0x0000000770080000,0x0000000770080000,0x0000000770b00000)
  to   space 10752K, 0% used [0x0000000770b00000,0x0000000770b00000,0x0000000771580000)
 ParOldGen       total 147968K, used 40312K [0x00000006c4400000, 0x00000006cd480000, 0x000000076c180000)
  object space 147968K, 27% used [0x00000006c4400000,0x00000006c6b5e118,0x00000006cd480000)
 Metaspace       used 11767K, capacity 11966K, committed 12288K, reserved 1060864K
  class space    used 1387K, capacity 1479K, committed 1536K, reserved 1048576K
}

