# JRE version: Java(TM) SE Runtime Environment (8.0_291-b10) (build 1.8.0_291-b10)
# Java VM: Java HotSpot(TM) 64-Bit Server VM (25.291-b10 mixed mode windows-amd64 compressed oops)
Heap:
 PSYoungGen      total 75264K, used 64401K [0x000000076c180000, 0x0000000771580000, 0x00000007c0000000)
  eden space 64512K, 99% used [0x000000076c180000,0x0000000770064610,0x0000000770080000)
  from space 10752K, 0% used [0x0000000770080000,0x0000000770080000,0x0000000770b00000)
  to   space 10752K, 0% used [0x0000000770b00000,0x0000000770b00000,0x0000000771580000)
 ParOldGen       total 1035776K, used 989309K [0x00000006c4400000, 0x0000000703780000, 0x000000076c180000)
  object space 1035776K, 95% used [0x00000006c4400000,0x0000000700a1f548,0x0000000703780000)
 Metaspace       used 11800K, capacity 12030K, committed 12288K, reserved 1060864K
  class space    used 1388K, capacity 1479K, committed 1536K, reserved 1048576K
GC Heap History (4 events):
Event: 0.653 GC heap before
{Heap before GC invocations=1 (full 0):
 PSYoungGen      total 75264K, used 56405K [0x000000076c180000, 0x0000000771580000, 0x00000007c0000000)
  eden space 64512K, 87% used [0x000000076c180000,0x000000076f895618,0x0000000770080000)
  from space 10752K, 0% used [0x0000000770b00000,0x0000000770b00000,0x0000000771580000)
  to   space 10752K, 0% used [0x0000000770080000,0x0000000770080000,0x0000000770b00000)
 ParOldGen       total 172032K, used 0K [0x00000006c4400000, 0x00000006cec00000, 0x000000076c180000)
  object space 172032K, 0% used [0x00000006c4400000,0x00000006c4400000,0x00000006cec00000)
 Metaspace       used 10936K, capacity 11100K, committed 11392K, reserved 1058816K
  class space    used 1282K, capacity 1338K, committed 1408K, reserved 1048576K
Event: 0.658 GC heap after
Heap after GC invocations=1 (full 0):
 PSYoungGen      total 75264K, used 10741K [0x000000076c180000, 0x0000000771580000, 0x00000007c0000000)
  eden space 64512K, 0% used [0x000000076c180000,0x000000076c180000,0x0000000770080000)
  from space 10752K, 99% used [0x0000000770080000,0x0000000770afd480,0x0000000770b00000)
  to   space 10752K, 0% used [0x0000000770b00000,0x0000000770b00000,0x0000000771580000)
 ParOldGen       total 172032K, used 1456K [0x00000006c4400000, 0x00000006cec00000, 0x000000076c180000)
  object space 172032K, 0% used [0x00000006c4400000,0x00000006c456c028,0x00000006cec00000)
 Metaspace       used 10936K, capacity 11100K, committed 11392K, reserved 1058816K
  class space    used 1282K, capacity 1338K, committed 1408K, reserved 1048576K
}
Event: 1.115 GC heap before
{Heap before GC invocations=2 (full 1):
 PSYoungGen      total 75264K, used 73732K [0x000000076c180000, 0x0000000771580000, 0x00000007c0000000)
  eden space 64512K, 97% used [0x000000076c180000,0x000000076ff03d20,0x0000000770080000)
  from space 10752K, 99% used [0x0000000770080000,0x0000000770afd480,0x0000000770b00000)
  to   space 10752K, 0% used [0x0000000770b00000,0x0000000770b00000,0x0000000771580000)
 ParOldGen       total 172032K, used 170667K [0x00000006c4400000, 0x00000006cec00000, 0x000000076c180000)
  object space 172032K, 99% used [0x00000006c4400000,0x00000006ceaaad40,0x00000006cec00000)
 Metaspace       used 11783K, capacity 11966K, committed 12288K, reserved 1060864K
  class space    used 1387K, capacity 1479K, committed 1536K, reserved 1048576K
Event: 1.133 GC heap after
Heap after GC invocations=2 (full 1):
 PSYoungGen      total 75264K, used 0K [0x000000076c180000, 0x0000000771580000, 0x00000007c0000000)
  eden space 64512K, 0% used [0x000000076c180000,0x000000076c180000,0x0000000770080000)
  from space 10752K, 0% used [0x0000000770080000,0x0000000770080000,0x0000000770b00000)
  to   space 10752K, 0% used [0x0000000770b00000,0x0000000770b00000,0x0000000771580000)
 ParOldGen       total 150016K, used 40312K [0x00000006c4400000, 0x00000006cd680000, 0x000000076c180000)
  object space 150016K, 26% used [0x00000006c4400000,0x00000006c6b5e150,0x00000006cd680000)
 Metaspace       used 11783K, capacity 11966K, committed 12288K, reserved 1060864K
  class space    used 1387K, capacity 1479K, committed 1536K, reserved 1048576K
}

