<?xml version="1.0" encoding="UTF-8"?>
<testng-results skipped="0" failed="0" ignored="0" total="0" passed="0">
  <reporter-output>
  </reporter-output>
  <suite name="Captcha.ReadCaptcha.AppTest" duration-ms="6" started-at="2021-07-16T10:33:02Z" finished-at="2021-07-16T10:33:02Z">
    <groups>
    </groups>
    <test name="Command line test" duration-ms="6" started-at="2021-07-16T10:33:02Z" finished-at="2021-07-16T10:33:02Z">
    </test> <!-- Command line test -->
  </suite> <!-- Captcha.ReadCaptcha.AppTest -->
</testng-results>
